{
  "0 debug pnpm:scope": {
    "selected": 1
  },
  "1 error pnpm": {
    "code": "ELIFECYCLE",
    "errno": "ENOENT",
    "syscall": "spawn",
    "file": "sh",
    "pkgid": "nextjs-template@0.1.0",
    "stage": "dev",
    "script": "next dev",
    "pkgname": "nextjs-template",
    "err": {
      "name": "pnpm",
      "message": "nextjs-template@0.1.0 dev: `next dev`\nspawn ENOENT",
      "code": "ELIFECYCLE",
      "stack": "pnpm: nextjs-template@0.1.0 dev: `next dev`\nspawn ENOENT\n    at ChildProcess.<anonymous> (/opt/homebrew/lib/node_modules/pnpm/dist/pnpm.cjs:93466:22)\n    at ChildProcess.emit (node:events:517:28)\n    at maybeClose (node:internal/child_process:1098:16)\n    at ChildProcess._handle.onexit (node:internal/child_process:303:5)"
    }
  }
}